Determining if the pthread_create exist failed with the following output:
Change Dir: /home/tvykruta/src/libs/gflags/build/CMakeFiles/CMakeTmp

Run Build Command:/usr/bin/make "cmTryCompileExec2200070401/fast"
/usr/bin/make -f CMakeFiles/cmTryCompileExec2200070401.dir/build.make CMakeFiles/cmTryCompileExec2200070401.dir/build
make[1]: Entering directory `/home/tvykruta/src/libs/gflags/build/CMakeFiles/CMakeTmp'
/usr/bin/cmake -E cmake_progress_report /home/tvykruta/src/libs/gflags/build/CMakeFiles/CMakeTmp/CMakeFiles 1
Building CXX object CMakeFiles/cmTryCompileExec2200070401.dir/CheckSymbolExists.cxx.o
/usr/bin/c++     -o CMakeFiles/cmTryCompileExec2200070401.dir/CheckSymbolExists.cxx.o -c /home/tvykruta/src/libs/gflags/build/CMakeFiles/CMakeTmp/CheckSymbolExists.cxx
Linking CXX executable cmTryCompileExec2200070401
/usr/bin/cmake -E cmake_link_script CMakeFiles/cmTryCompileExec2200070401.dir/link.txt --verbose=1
/usr/bin/c++          CMakeFiles/cmTryCompileExec2200070401.dir/CheckSymbolExists.cxx.o  -o cmTryCompileExec2200070401 -rdynamic 
CMakeFiles/cmTryCompileExec2200070401.dir/CheckSymbolExists.cxx.o: In function `main':
CheckSymbolExists.cxx:(.text+0x16): undefined reference to `pthread_create'
collect2: error: ld returned 1 exit status
make[1]: Leaving directory `/home/tvykruta/src/libs/gflags/build/CMakeFiles/CMakeTmp'
make[1]: *** [cmTryCompileExec2200070401] Error 1
make: *** [cmTryCompileExec2200070401/fast] Error 2

File /home/tvykruta/src/libs/gflags/build/CMakeFiles/CMakeTmp/CheckSymbolExists.cxx:
/* */
#include <pthread.h>

int main(int argc, char** argv)
{
  (void)argv;
#ifndef pthread_create
  return ((int*)(&pthread_create))[argc];
#else
  (void)argc;
  return 0;
#endif
}

Determining if the function pthread_create exists in the pthreads failed with the following output:
Change Dir: /home/tvykruta/src/libs/gflags/build/CMakeFiles/CMakeTmp

Run Build Command:/usr/bin/make "cmTryCompileExec3909973162/fast"
/usr/bin/make -f CMakeFiles/cmTryCompileExec3909973162.dir/build.make CMakeFiles/cmTryCompileExec3909973162.dir/build
make[1]: Entering directory `/home/tvykruta/src/libs/gflags/build/CMakeFiles/CMakeTmp'
/usr/bin/cmake -E cmake_progress_report /home/tvykruta/src/libs/gflags/build/CMakeFiles/CMakeTmp/CMakeFiles 1
Building CXX object CMakeFiles/cmTryCompileExec3909973162.dir/CheckFunctionExists.cxx.o
/usr/bin/c++    -DCHECK_FUNCTION_EXISTS=pthread_create   LINK_LIBRARIES pthreads -o CMakeFiles/cmTryCompileExec3909973162.dir/CheckFunctionExists.cxx.o -c /home/tvykruta/src/libs/gflags/build/CMakeFiles/CheckFunctionExists.cxx
c++: error: LINK_LIBRARIES: No such file or directory
c++: error: pthreads: No such file or directory
make[1]: Leaving directory `/home/tvykruta/src/libs/gflags/build/CMakeFiles/CMakeTmp'
make[1]: *** [CMakeFiles/cmTryCompileExec3909973162.dir/CheckFunctionExists.cxx.o] Error 1
make: *** [cmTryCompileExec3909973162/fast] Error 2


Determining if the function pthread_create exists in the pthread failed with the following output:
Change Dir: /home/tvykruta/src/libs/gflags/build/CMakeFiles/CMakeTmp

Run Build Command:/usr/bin/make "cmTryCompileExec2072883043/fast"
/usr/bin/make -f CMakeFiles/cmTryCompileExec2072883043.dir/build.make CMakeFiles/cmTryCompileExec2072883043.dir/build
make[1]: Entering directory `/home/tvykruta/src/libs/gflags/build/CMakeFiles/CMakeTmp'
/usr/bin/cmake -E cmake_progress_report /home/tvykruta/src/libs/gflags/build/CMakeFiles/CMakeTmp/CMakeFiles 1
Building CXX object CMakeFiles/cmTryCompileExec2072883043.dir/CheckFunctionExists.cxx.o
/usr/bin/c++    -DCHECK_FUNCTION_EXISTS=pthread_create   LINK_LIBRARIES pthread -o CMakeFiles/cmTryCompileExec2072883043.dir/CheckFunctionExists.cxx.o -c /home/tvykruta/src/libs/gflags/build/CMakeFiles/CheckFunctionExists.cxx
c++: error: LINK_LIBRARIES: No such file or directory
c++: error: pthread: No such file or directory
make[1]: Leaving directory `/home/tvykruta/src/libs/gflags/build/CMakeFiles/CMakeTmp'
make[1]: *** [CMakeFiles/cmTryCompileExec2072883043.dir/CheckFunctionExists.cxx.o] Error 1
make: *** [cmTryCompileExec2072883043/fast] Error 2


